Build started 4/21/2015 3:24:00 PM.
     1>Project "C:\Users\wind__000\Desktop\source 1\src\game.vcxproj" on node 2 (rebuild target(s)).
     1>_PrepareForClean:
         Deleting file ".\release\game.lastbuildstate".
       InitializeBuildStatus:
         Creating ".\release\game.unsuccessfulbuild" because "AlwaysCreate" was specified.
       ClCompile:
         c:\Program Files (x86)\Microsoft Visual Studio 10.0\VC\bin\CL.exe /c /Z7 /nologo /W1 /WX- /O2 /Ob1 /Oy- /D WIN32 /D NDEBUG /D _WINDOWS /D _VC80_UPGRADE=0x0600 /D _WINDLL /GF /Gm- /EHsc /MT /GS /Gy /fp:precise /Zc:wchar_t /Zc:forScope /Fo".\release\\" /Fd".\release\vc100.pdb" /Gd /TC /analyze- /errorReport:prompt g_ai.c g_chase.c g_cmds.c g_combat.c g_func.c g_items.c g_main.c g_misc.c g_monster.c g_phys.c g_save.c g_spawn.c g_svcmds.c g_target.c g_trigger.c g_turret.c g_utils.c g_weapon.c m_actor.c m_berserk.c m_boss2.c m_boss3.c m_boss31.c m_boss32.c m_brain.c m_chick.c m_flash.c m_flipper.c m_float.c m_flyer.c m_gladiator.c m_gunner.c m_hover.c m_infantry.c m_insane.c m_medic.c m_move.c m_mutant.c m_parasite.c m_soldier.c m_supertank.c m_tank.c p_client.c p_hud.c p_trail.c p_view.c p_weapon.c q_shared.c
         g_ai.c
         g_chase.c
         g_cmds.c
         g_combat.c
         g_func.c
         g_items.c
         g_main.c
         g_misc.c
         g_monster.c
         g_phys.c
         g_save.c
         g_spawn.c
         g_svcmds.c
         g_target.c
         g_trigger.c
         g_turret.c
         g_utils.c
         g_weapon.c
         m_actor.c
         m_berserk.c
         Generando código...
     1>c:\users\wind__000\desktop\source 1\src\g_weapon.c(481): warning C4700: se utilizó la variable local 'held' sin inicializar
         Compilando...
         m_boss2.c
         m_boss3.c
         m_boss31.c
         m_boss32.c
         m_brain.c
         m_chick.c
         m_flash.c
         m_flipper.c
         m_float.c
         m_flyer.c
         m_gladiator.c
         m_gunner.c
         m_hover.c
         m_infantry.c
         m_insane.c
         m_medic.c
         m_move.c
         m_mutant.c
         m_parasite.c
         m_soldier.c
         Generando código...
         Compilando...
         m_supertank.c
         m_tank.c
         p_client.c
         p_hud.c
         p_trail.c
         p_view.c
         p_weapon.c
         q_shared.c
         Generando código...
     1>C:\Program Files (x86)\MSBuild\Microsoft.Cpp\v4.0\Microsoft.CppBuild.targets(990,5): warning MSB8012: TargetPath(C:\Users\wind__000\Desktop\source 1\src\.\..\release\game.dll) no coincide con el valor de la propiedad OutputFile de Linker (C:\Users\wind__000\Desktop\source 1\release\gamex86.dll). Esto puede hacer que el proyecto no se compile correctamente. Para solucionar este problema, asegúrese de que los valores de propiedad $(OutDir), $(TargetName) y $(TargetExt) coinciden con el valor especificado en %(Link.OutputFile).
     1>C:\Program Files (x86)\MSBuild\Microsoft.Cpp\v4.0\Microsoft.CppBuild.targets(992,5): warning MSB8012: TargetName(game) no coincide con el valor de la propiedad OutputFile de Linker (gamex86). Esto puede hacer que el proyecto no se compile correctamente. Para solucionar este problema, asegúrese de que los valores de propiedad $(OutDir), $(TargetName) y $(TargetExt) coinciden con el valor especificado en %(Link.OutputFile).
       Link:
         c:\Program Files (x86)\Microsoft Visual Studio 10.0\VC\bin\link.exe /ERRORREPORT:PROMPT /OUT:"..\release\gamex86.dll" /INCREMENTAL:NO /NOLOGO winmm.lib kernel32.lib user32.lib gdi32.lib winspool.lib comdlg32.lib advapi32.lib shell32.lib ole32.lib oleaut32.lib uuid.lib odbc32.lib odbccp32.lib /DEF:".\game.def" /MANIFEST /ManifestFile:".\release\game.dll.intermediate.manifest" /MANIFESTUAC:"level='asInvoker' uiAccess='false'" /PDB:"C:\Users\wind__000\Desktop\source 1\release\game.pdb" /SUBSYSTEM:WINDOWS /TLBID:1 /BASE:"0x20000000" /DYNAMICBASE /NXCOMPAT /IMPLIB:".\..\release\gamex86.lib" /MACHINE:X86 /DLL .\release\g_ai.obj
         .\release\g_chase.obj
         .\release\g_cmds.obj
         .\release\g_combat.obj
         .\release\g_func.obj
         .\release\g_items.obj
         .\release\g_main.obj
         .\release\g_misc.obj
         .\release\g_monster.obj
         .\release\g_phys.obj
         .\release\g_save.obj
         .\release\g_spawn.obj
         .\release\g_svcmds.obj
         .\release\g_target.obj
         .\release\g_trigger.obj
         .\release\g_turret.obj
         .\release\g_utils.obj
         .\release\g_weapon.obj
         .\release\m_actor.obj
         .\release\m_berserk.obj
         .\release\m_boss2.obj
         .\release\m_boss3.obj
         .\release\m_boss31.obj
         .\release\m_boss32.obj
         .\release\m_brain.obj
         .\release\m_chick.obj
         .\release\m_flash.obj
         .\release\m_flipper.obj
         .\release\m_float.obj
         .\release\m_flyer.obj
         .\release\m_gladiator.obj
         .\release\m_gunner.obj
         .\release\m_hover.obj
         .\release\m_infantry.obj
         .\release\m_insane.obj
         .\release\m_medic.obj
         .\release\m_move.obj
         .\release\m_mutant.obj
         .\release\m_parasite.obj
         .\release\m_soldier.obj
         .\release\m_supertank.obj
         .\release\m_tank.obj
         .\release\p_client.obj
         .\release\p_hud.obj
         .\release\p_trail.obj
         .\release\p_view.obj
         .\release\p_weapon.obj
         .\release\q_shared.obj
            Creando biblioteca .\..\release\gamex86.lib y objeto .\..\release\gamex86.exp
         game.vcxproj -> C:\Users\wind__000\Desktop\source 1\src\.\..\release\game.dll
       Manifest:
         c:\Program Files (x86)\Microsoft SDKs\Windows\v7.0A\bin\mt.exe /nologo /verbose /outputresource:"..\release\gamex86.dll;#2" /manifest .\release\game.dll.intermediate.manifest
       FinalizeBuildStatus:
         Deleting file ".\release\game.unsuccessfulbuild".
         Touching ".\release\game.lastbuildstate".
     1>Done Building Project "C:\Users\wind__000\Desktop\source 1\src\game.vcxproj" (rebuild target(s)).

Compilación correcta.

Time Elapsed 00:00:04.20
